{
  "stats": {
    "suites": 5,
    "tests": 5,
    "passes": 5,
    "pending": 0,
    "failures": 0,
    "start": "2023-05-16T23:06:45.452Z",
    "end": "2023-05-16T23:06:54.733Z",
    "duration": 9281,
    "testsRegistered": 5,
    "passPercent": 100,
    "pendingPercent": 0,
    "other": 0,
    "hasOther": false,
    "skipped": 0,
    "hasSkipped": false
  },
  "results": [
    {
      "uuid": "4605906d-f077-4b45-8fb1-88dc05af03dc",
      "title": "",
      "fullFile": "cypress/e2e/cinebusca/testes.cy.js",
      "file": "cypress/e2e/cinebusca/testes.cy.js",
      "beforeHooks": [],
      "afterHooks": [],
      "tests": [],
      "suites": [
        {
          "uuid": "955c5e45-ffcc-49ea-b701-57f4e6053c52",
          "title": "Test homepage",
          "fullFile": "",
          "file": "",
          "beforeHooks": [],
          "afterHooks": [],
          "tests": [
            {
              "title": "Boxes disabled",
              "fullTitle": "Test homepage Boxes disabled",
              "timedOut": null,
              "duration": 961,
              "state": "passed",
              "speed": "fast",
              "pass": true,
              "fail": false,
              "pending": false,
              "context": null,
              "code": "cy.visit(\"http://localhost:3000/\");\ncy.get(\"#genre1\").should(\"have.value\", \"null\");\ncy.get(\"#genre2\").should(\"have.value\", \"null\");\ncy.get(\"#genre3\").should(\"have.value\", \"null\");\ncy.get(\"#language\").should(\"have.value\", \"null\");\ncy.get(\"#runtime\").should(\"have.value\", \"0\");\ncy.get(\"#release_year\").should(\"have.value\", \"1900\");",
              "err": {},
              "uuid": "778cda5e-0a96-4134-8d05-5444e3318920",
              "parentUUID": "955c5e45-ffcc-49ea-b701-57f4e6053c52",
              "isHook": false,
              "skipped": false
            }
          ],
          "suites": [],
          "passes": [
            "778cda5e-0a96-4134-8d05-5444e3318920"
          ],
          "failures": [],
          "pending": [],
          "skipped": [],
          "duration": 961,
          "root": false,
          "rootEmpty": false,
          "_timeout": 2000
        },
        {
          "uuid": "f17719b9-0b2c-4e7e-916a-7034f3683531",
          "title": "Movie recommendation",
          "fullFile": "",
          "file": "",
          "beforeHooks": [],
          "afterHooks": [],
          "tests": [
            {
              "title": "All fields selected",
              "fullTitle": "Movie recommendation All fields selected",
              "timedOut": null,
              "duration": 2591,
              "state": "passed",
              "speed": "fast",
              "pass": true,
              "fail": false,
              "pending": false,
              "context": null,
              "code": "cy.visit(\"http://localhost:3000/\");\ncy.get(\"#genre1\").focus().select(\"action\", {\n  force: true\n});\ncy.get(\"#genre2\").focus().select(\"drama\", {\n  force: true\n});\ncy.get(\"#genre3\").focus().select(\"family\", {\n  force: true\n});\ncy.get(\"#language\").focus().select(\"portuguese\", {\n  force: true\n});\ncy.get(\"#runtime\").invoke(\"val\", 90).trigger(\"change\");\ncy.get(\"#release_year\").invoke(\"val\", 2000).trigger(\"change\");\ncy.get(\".submit\").focus().click({\n  force: true\n});\ncy.get(\"#movie0_infos\").should(\"have.text\", \"Hoovey\");\ncy.get(\"#movie1_infos\").should(\"have.text\", \"Two Rabbits\");\ncy.get(\"#movie2_infos\").should(\"have.text\", \"Soul Surfer\");",
              "err": {},
              "uuid": "b235a046-07ac-4fac-8492-8409ff5ad5a7",
              "parentUUID": "f17719b9-0b2c-4e7e-916a-7034f3683531",
              "isHook": false,
              "skipped": false
            }
          ],
          "suites": [],
          "passes": [
            "b235a046-07ac-4fac-8492-8409ff5ad5a7"
          ],
          "failures": [],
          "pending": [],
          "skipped": [],
          "duration": 2591,
          "root": false,
          "rootEmpty": false,
          "_timeout": 2000
        },
        {
          "uuid": "9d23ea5c-2f2c-4f68-9393-f37eeb4ded8f",
          "title": "Return button on recommendation",
          "fullFile": "",
          "file": "",
          "beforeHooks": [],
          "afterHooks": [],
          "tests": [
            {
              "title": "Click on return after a recommendation",
              "fullTitle": "Return button on recommendation Click on return after a recommendation",
              "timedOut": null,
              "duration": 1927,
              "state": "passed",
              "speed": "fast",
              "pass": true,
              "fail": false,
              "pending": false,
              "context": null,
              "code": "cy.visit(\"http://localhost:3000/\");\ncy.get(\"#genre1\").focus().select(\"action\", {\n  force: true\n});\ncy.get(\"#genre2\").focus().select(\"drama\", {\n  force: true\n});\ncy.get(\"#genre3\").focus().select(\"family\", {\n  force: true\n});\ncy.get(\"#language\").focus().select(\"portuguese\", {\n  force: true\n});\ncy.get(\"#runtime\").invoke(\"val\", 90).trigger(\"change\");\ncy.get(\"#release_year\").invoke(\"val\", 2000).trigger(\"change\");\ncy.get(\".submit\").focus().click({\n  force: true\n});\ncy.get(\".return\").focus().click({\n  force: true\n});\ncy.get(\"#genre1\").should(\"have.value\", \"null\");\ncy.get(\"#genre2\").should(\"have.value\", \"null\");\ncy.get(\"#genre3\").should(\"have.value\", \"null\");\ncy.get(\"#language\").should(\"have.value\", \"null\");\ncy.get(\"#runtime\").should(\"have.value\", \"0\");\ncy.get(\"#release_year\").should(\"have.value\", \"1900\");",
              "err": {},
              "uuid": "376b0a0c-e383-4e70-a45d-990aa5971a90",
              "parentUUID": "9d23ea5c-2f2c-4f68-9393-f37eeb4ded8f",
              "isHook": false,
              "skipped": false
            }
          ],
          "suites": [],
          "passes": [
            "376b0a0c-e383-4e70-a45d-990aa5971a90"
          ],
          "failures": [],
          "pending": [],
          "skipped": [],
          "duration": 1927,
          "root": false,
          "rootEmpty": false,
          "_timeout": 2000
        },
        {
          "uuid": "c6d87df2-3189-484b-86e0-4a18dad480c5",
          "title": "Empty input",
          "fullFile": "",
          "file": "",
          "beforeHooks": [],
          "afterHooks": [],
          "tests": [
            {
              "title": "Empty inputs expect error",
              "fullTitle": "Empty input Empty inputs expect error",
              "timedOut": null,
              "duration": 391,
              "state": "passed",
              "speed": "fast",
              "pass": true,
              "fail": false,
              "pending": false,
              "context": null,
              "code": "cy.visit(\"http://localhost:3000/\");\ncy.get(\".submit\").click();\ncy.get('.title').should(\"have.text\", \"MISSING INFORMATION\");",
              "err": {},
              "uuid": "f54ba4eb-262d-4c2b-97cb-02551596f5ad",
              "parentUUID": "c6d87df2-3189-484b-86e0-4a18dad480c5",
              "isHook": false,
              "skipped": false
            }
          ],
          "suites": [],
          "passes": [
            "f54ba4eb-262d-4c2b-97cb-02551596f5ad"
          ],
          "failures": [],
          "pending": [],
          "skipped": [],
          "duration": 391,
          "root": false,
          "rootEmpty": false,
          "_timeout": 2000
        },
        {
          "uuid": "bb27cc44-e5c6-4bfa-9169-380300336816",
          "title": "Any button",
          "fullFile": "",
          "file": "",
          "beforeHooks": [],
          "afterHooks": [],
          "tests": [
            {
              "title": "Genre and language selected but year and runtime as any",
              "fullTitle": "Any button Genre and language selected but year and runtime as any",
              "timedOut": null,
              "duration": 1025,
              "state": "passed",
              "speed": "fast",
              "pass": true,
              "fail": false,
              "pending": false,
              "context": null,
              "code": "cy.visit(\"http://localhost:3000/\");\ncy.get(\"#genre1\").focus().select(\"action\", {\n  force: true\n});\ncy.get(\"#genre2\").focus().select(\"drama\", {\n  force: true\n});\ncy.get(\"#genre3\").focus().select(\"family\", {\n  force: true\n});\ncy.get(\"#language\").focus().select(\"portuguese\", {\n  force: true\n});\ncy.get(\"#check_year\").focus().click({\n  force: true\n});\ncy.get(\"#check_runtime\").focus().click({\n  force: true\n});\ncy.get(\".submit\").focus().click({\n  force: true\n});\ncy.get('.title').should(\"have.text\", \"MISSING INFORMATION\");",
              "err": {},
              "uuid": "dc6fa932-4b4e-49a8-8952-f93eb01f7143",
              "parentUUID": "bb27cc44-e5c6-4bfa-9169-380300336816",
              "isHook": false,
              "skipped": false
            }
          ],
          "suites": [],
          "passes": [
            "dc6fa932-4b4e-49a8-8952-f93eb01f7143"
          ],
          "failures": [],
          "pending": [],
          "skipped": [],
          "duration": 1025,
          "root": false,
          "rootEmpty": false,
          "_timeout": 2000
        }
      ],
      "passes": [],
      "failures": [],
      "pending": [],
      "skipped": [],
      "duration": 0,
      "root": true,
      "rootEmpty": true,
      "_timeout": 2000
    }
  ],
  "meta": {
    "mocha": {
      "version": "7.0.1"
    },
    "mochawesome": {
      "options": {
        "quiet": false,
        "reportFilename": "mochawesome",
        "saveHtml": true,
        "saveJson": true,
        "consoleReporter": "spec",
        "useInlineDiffs": false,
        "code": true
      },
      "version": "7.1.3"
    },
    "marge": {
      "options": null,
      "version": "6.2.0"
    }
  }
}